# JRE version: OpenJDK Runtime Environment (22.0.1+8) (build 22.0.1+8-16)
# Java VM: OpenJDK 64-Bit Server VM (22.0.1+8-16, mixed mode, sharing, tiered, compressed oops, compressed class ptrs, g1 gc, bsd-aarch64)
Heap:
 garbage-first heap   total reserved 2097152K, committed 133120K, used 76585K [0x0000000780000000, 0x0000000800000000)
  region size 1024K, 68 young (69632K), 5 survivors (5120K)
 Metaspace       used 12212K, committed 12416K, reserved 1114112K
  class space    used 1304K, committed 1408K, reserved 1048576K
GC Heap History (20 events):
Event: 794.410 GC heap before
{Heap before GC invocations=4 (full 0):
 garbage-first heap   total reserved 2097152K, committed 133120K, used 85041K [0x0000000780000000, 0x0000000800000000)
  region size 1024K, 76 young (77824K), 5 survivors (5120K)
 Metaspace       used 12204K, committed 12416K, reserved 1114112K
  class space    used 1304K, committed 1408K, reserved 1048576K
}
Event: 794.420 GC heap after
{Heap after GC invocations=5 (full 0):
 garbage-first heap   total reserved 2097152K, committed 133120K, used 12585K [0x0000000780000000, 0x0000000800000000)
  region size 1024K, 5 young (5120K), 5 survivors (5120K)
 Metaspace       used 12204K, committed 12416K, reserved 1114112K
  class space    used 1304K, committed 1408K, reserved 1048576K
}
Event: 1029.304 GC heap before
{Heap before GC invocations=5 (full 0):
 garbage-first heap   total reserved 2097152K, committed 133120K, used 85289K [0x0000000780000000, 0x0000000800000000)
  region size 1024K, 76 young (77824K), 5 survivors (5120K)
 Metaspace       used 12204K, committed 12416K, reserved 1114112K
  class space    used 1304K, committed 1408K, reserved 1048576K
}
Event: 1029.315 GC heap after
{Heap after GC invocations=6 (full 0):
 garbage-first heap   total reserved 2097152K, committed 133120K, used 12253K [0x0000000780000000, 0x0000000800000000)
  region size 1024K, 5 young (5120K), 5 survivors (5120K)
 Metaspace       used 12204K, committed 12416K, reserved 1114112K
  class space    used 1304K, committed 1408K, reserved 1048576K
}
Event: 1263.602 GC heap before
{Heap before GC invocations=6 (full 0):
 garbage-first heap   total reserved 2097152K, committed 133120K, used 84957K [0x0000000780000000, 0x0000000800000000)
  region size 1024K, 76 young (77824K), 5 survivors (5120K)
 Metaspace       used 12204K, committed 12416K, reserved 1114112K
  class space    used 1304K, committed 1408K, reserved 1048576K
}
Event: 1263.614 GC heap after
{Heap after GC invocations=7 (full 0):
 garbage-first heap   total reserved 2097152K, committed 133120K, used 12585K [0x0000000780000000, 0x0000000800000000)
  region size 1024K, 5 young (5120K), 5 survivors (5120K)
 Metaspace       used 12204K, committed 12416K, reserved 1114112K
  class space    used 1304K, committed 1408K, reserved 1048576K
}
Event: 1498.210 GC heap before
{Heap before GC invocations=7 (full 0):
 garbage-first heap   total reserved 2097152K, committed 133120K, used 85289K [0x0000000780000000, 0x0000000800000000)
  region size 1024K, 76 young (77824K), 5 survivors (5120K)
 Metaspace       used 12204K, committed 12416K, reserved 1114112K
  class space    used 1304K, committed 1408K, reserved 1048576K
}
Event: 1498.225 GC heap after
{Heap after GC invocations=8 (full 0):
 garbage-first heap   total reserved 2097152K, committed 133120K, used 12385K [0x0000000780000000, 0x0000000800000000)
  region size 1024K, 5 young (5120K), 5 survivors (5120K)
 Metaspace       used 12204K, committed 12416K, reserved 1114112K
  class space    used 1304K, committed 1408K, reserved 1048576K
}
Event: 1740.891 GC heap before
{Heap before GC invocations=8 (full 0):
 garbage-first heap   total reserved 2097152K, committed 133120K, used 85089K [0x0000000780000000, 0x0000000800000000)
  region size 1024K, 76 young (77824K), 5 survivors (5120K)
 Metaspace       used 12204K, committed 12416K, reserved 1114112K
  class space    used 1304K, committed 1408K, reserved 1048576K
}
Event: 1740.902 GC heap after
{Heap after GC invocations=9 (full 0):
 garbage-first heap   total reserved 2097152K, committed 133120K, used 12185K [0x0000000780000000, 0x0000000800000000)
  region size 1024K, 5 young (5120K), 5 survivors (5120K)
 Metaspace       used 12204K, committed 12416K, reserved 1114112K
  class space    used 1304K, committed 1408K, reserved 1048576K
}
Event: 1976.141 GC heap before
{Heap before GC invocations=9 (full 0):
 garbage-first heap   total reserved 2097152K, committed 133120K, used 84889K [0x0000000780000000, 0x0000000800000000)
  region size 1024K, 76 young (77824K), 5 survivors (5120K)
 Metaspace       used 12204K, committed 12416K, reserved 1114112K
  class space    used 1304K, committed 1408K, reserved 1048576K
}
Event: 1976.163 GC heap after
{Heap after GC invocations=10 (full 0):
 garbage-first heap   total reserved 2097152K, committed 133120K, used 12585K [0x0000000780000000, 0x0000000800000000)
  region size 1024K, 5 young (5120K), 5 survivors (5120K)
 Metaspace       used 12204K, committed 12416K, reserved 1114112K
  class space    used 1304K, committed 1408K, reserved 1048576K
}
Event: 2214.505 GC heap before
{Heap before GC invocations=10 (full 0):
 garbage-first heap   total reserved 2097152K, committed 133120K, used 85289K [0x0000000780000000, 0x0000000800000000)
  region size 1024K, 76 young (77824K), 5 survivors (5120K)
 Metaspace       used 12206K, committed 12416K, reserved 1114112K
  class space    used 1304K, committed 1408K, reserved 1048576K
}
Event: 2214.516 GC heap after
{Heap after GC invocations=11 (full 0):
 garbage-first heap   total reserved 2097152K, committed 133120K, used 11453K [0x0000000780000000, 0x0000000800000000)
  region size 1024K, 4 young (4096K), 4 survivors (4096K)
 Metaspace       used 12206K, committed 12416K, reserved 1114112K
  class space    used 1304K, committed 1408K, reserved 1048576K
}
Event: 2469.024 GC heap before
{Heap before GC invocations=11 (full 0):
 garbage-first heap   total reserved 2097152K, committed 133120K, used 85181K [0x0000000780000000, 0x0000000800000000)
  region size 1024K, 76 young (77824K), 4 survivors (4096K)
 Metaspace       used 12206K, committed 12416K, reserved 1114112K
  class space    used 1304K, committed 1408K, reserved 1048576K
}
Event: 2469.035 GC heap after
{Heap after GC invocations=12 (full 0):
 garbage-first heap   total reserved 2097152K, committed 133120K, used 11761K [0x0000000780000000, 0x0000000800000000)
  region size 1024K, 4 young (4096K), 4 survivors (4096K)
 Metaspace       used 12206K, committed 12416K, reserved 1114112K
  class space    used 1304K, committed 1408K, reserved 1048576K
}
Event: 2713.517 GC heap before
{Heap before GC invocations=12 (full 0):
 garbage-first heap   total reserved 2097152K, committed 133120K, used 85489K [0x0000000780000000, 0x0000000800000000)
  region size 1024K, 76 young (77824K), 4 survivors (4096K)
 Metaspace       used 12206K, committed 12416K, reserved 1114112K
  class space    used 1304K, committed 1408K, reserved 1048576K
}
Event: 2713.530 GC heap after
{Heap after GC invocations=13 (full 0):
 garbage-first heap   total reserved 2097152K, committed 133120K, used 12063K [0x0000000780000000, 0x0000000800000000)
  region size 1024K, 5 young (5120K), 5 survivors (5120K)
 Metaspace       used 12206K, committed 12416K, reserved 1114112K
  class space    used 1304K, committed 1408K, reserved 1048576K
}
Event: 2948.657 GC heap before
{Heap before GC invocations=13 (full 0):
 garbage-first heap   total reserved 2097152K, committed 133120K, used 84767K [0x0000000780000000, 0x0000000800000000)
  region size 1024K, 76 young (77824K), 5 survivors (5120K)
 Metaspace       used 12212K, committed 12416K, reserved 1114112K
  class space    used 1304K, committed 1408K, reserved 1048576K
}
Event: 2948.671 GC heap after
{Heap after GC invocations=14 (full 0):
 garbage-first heap   total reserved 2097152K, committed 133120K, used 12585K [0x0000000780000000, 0x0000000800000000)
  region size 1024K, 5 young (5120K), 5 survivors (5120K)
 Metaspace       used 12212K, committed 12416K, reserved 1114112K
  class space    used 1304K, committed 1408K, reserved 1048576K
}

